<?xml version="1.0" encoding="UTF-8"?>
<coverage generated="1642706029593" clover="3.2.0">
  <project timestamp="1642706029593" name="All files">
    <metrics statements="38" coveredstatements="38" conditionals="67" coveredconditionals="46" methods="27" coveredmethods="27" elements="132" coveredelements="111" complexity="0" loc="38" ncloc="38" packages="5" files="6" classes="6"/>
    <package name="components.Avatar">
      <metrics statements="4" coveredstatements="4" conditionals="14" coveredconditionals="12" methods="1" coveredmethods="1"/>
      <file name="Avatar.tsx" path="D:\Projects\react-compeasy\src\components\Avatar\Avatar.tsx">
        <metrics statements="4" coveredstatements="4" conditionals="14" coveredconditionals="12" methods="1" coveredmethods="1"/>
        <line num="8" count="1" type="stmt"/>
        <line num="17" count="2" type="stmt"/>
        <line num="18" count="2" type="cond" truecount="2" falsecount="0"/>
        <line num="20" count="2" type="stmt"/>
      </file>
    </package>
    <package name="components.Avatar.styled">
      <metrics statements="9" coveredstatements="9" conditionals="8" coveredconditionals="3" methods="8" coveredmethods="8"/>
      <file name="StyledAvatar.ts" path="D:\Projects\react-compeasy\src\components\Avatar\styled\StyledAvatar.ts">
        <metrics statements="9" coveredstatements="9" conditionals="8" coveredconditionals="3" methods="8" coveredmethods="8"/>
        <line num="8" count="1" type="stmt"/>
        <line num="9" count="2" type="stmt"/>
        <line num="10" count="2" type="stmt"/>
        <line num="11" count="2" type="cond" truecount="1" falsecount="3"/>
        <line num="12" count="2" type="stmt"/>
        <line num="19" count="2" type="stmt"/>
        <line num="20" count="2" type="stmt"/>
        <line num="21" count="2" type="cond" truecount="1" falsecount="1"/>
        <line num="27" count="2" type="cond" truecount="1" falsecount="1"/>
      </file>
    </package>
    <package name="components.Button">
      <metrics statements="3" coveredstatements="3" conditionals="13" coveredconditionals="12" methods="1" coveredmethods="1"/>
      <file name="Button.tsx" path="D:\Projects\react-compeasy\src\components\Button\Button.tsx">
        <metrics statements="3" coveredstatements="3" conditionals="13" coveredconditionals="12" methods="1" coveredmethods="1"/>
        <line num="7" count="1" type="stmt"/>
        <line num="20" count="3" type="stmt"/>
        <line num="22" count="3" type="stmt"/>
      </file>
    </package>
    <package name="components.Button.styled">
      <metrics statements="16" coveredstatements="16" conditionals="26" coveredconditionals="13" methods="15" coveredmethods="15"/>
      <file name="StyledButton.ts" path="D:\Projects\react-compeasy\src\components\Button\styled\StyledButton.ts">
        <metrics statements="16" coveredstatements="16" conditionals="26" coveredconditionals="13" methods="15" coveredmethods="15"/>
        <line num="17" count="1" type="stmt"/>
        <line num="20" count="3" type="cond" truecount="1" falsecount="1"/>
        <line num="31" count="3" type="stmt"/>
        <line num="33" count="3" type="cond" truecount="1" falsecount="1"/>
        <line num="38" count="3" type="cond" truecount="1" falsecount="1"/>
        <line num="42" count="3" type="cond" truecount="1" falsecount="1"/>
        <line num="47" count="3" type="stmt"/>
        <line num="49" count="3" type="cond" truecount="1" falsecount="1"/>
        <line num="57" count="3" type="cond" truecount="1" falsecount="1"/>
        <line num="60" count="3" type="cond" truecount="1" falsecount="1"/>
        <line num="63" count="3" type="cond" truecount="1" falsecount="1"/>
        <line num="69" count="3" type="cond" truecount="1" falsecount="1"/>
        <line num="75" count="3" type="cond" truecount="1" falsecount="1"/>
        <line num="85" count="3" type="cond" truecount="1" falsecount="1"/>
        <line num="89" count="3" type="cond" truecount="1" falsecount="1"/>
        <line num="93" count="3" type="cond" truecount="1" falsecount="1"/>
      </file>
    </package>
    <package name="utils">
      <metrics statements="6" coveredstatements="6" conditionals="6" coveredconditionals="6" methods="2" coveredmethods="2"/>
      <file name="getColor.ts" path="D:\Projects\react-compeasy\src\utils\getColor.ts">
        <metrics statements="3" coveredstatements="3" conditionals="2" coveredconditionals="2" methods="1" coveredmethods="1"/>
        <line num="3" count="3" type="stmt"/>
        <line num="4" count="11" type="cond" truecount="2" falsecount="0"/>
        <line num="8" count="11" type="stmt"/>
      </file>
      <file name="getInitials.ts" path="D:\Projects\react-compeasy\src\utils\getInitials.ts">
        <metrics statements="3" coveredstatements="3" conditionals="4" coveredconditionals="4" methods="1" coveredmethods="1"/>
        <line num="1" count="2" type="stmt"/>
        <line num="2" count="8" type="cond" truecount="2" falsecount="0"/>
        <line num="8" count="8" type="stmt"/>
      </file>
    </package>
  </project>
</coverage>
