{"D:\\Projects\\react-compeasy\\src\\components\\Avatar\\Avatar.tsx": {"path":"D:\\Projects\\react-compeasy\\src\\components\\Avatar\\Avatar.tsx","statementMap":{"0":{"start":{"line":8,"column":41},"end":{"line":33,"column":1}},"1":{"start":{"line":17,"column":22},"end":{"line":17,"column":37}},"2":{"start":{"line":18,"column":24},"end":{"line":18,"column":57}},"3":{"start":{"line":20,"column":4},"end":{"line":32,"column":5}}},"fnMap":{"0":{"name":"(anonymous_0)","decl":{"start":{"line":8,"column":41},"end":{"line":8,"column":42}},"loc":{"start":{"line":16,"column":6},"end":{"line":33,"column":1}},"line":16}},"branchMap":{"0":{"loc":{"start":{"line":9,"column":4},"end":{"line":9,"column":13}},"type":"default-arg","locations":[{"start":{"line":9,"column":11},"end":{"line":9,"column":13}}],"line":9},"1":{"loc":{"start":{"line":10,"column":4},"end":{"line":10,"column":20}},"type":"default-arg","locations":[{"start":{"line":10,"column":12},"end":{"line":10,"column":20}}],"line":10},"2":{"loc":{"start":{"line":11,"column":4},"end":{"line":11,"column":19}},"type":"default-arg","locations":[{"start":{"line":11,"column":10},"end":{"line":11,"column":19}}],"line":11},"3":{"loc":{"start":{"line":12,"column":4},"end":{"line":12,"column":24}},"type":"default-arg","locations":[{"start":{"line":12,"column":15},"end":{"line":12,"column":24}}],"line":12},"4":{"loc":{"start":{"line":13,"column":4},"end":{"line":13,"column":23}},"type":"default-arg","locations":[{"start":{"line":13,"column":14},"end":{"line":13,"column":23}}],"line":13},"5":{"loc":{"start":{"line":14,"column":4},"end":{"line":14,"column":25}},"type":"default-arg","locations":[{"start":{"line":14,"column":16},"end":{"line":14,"column":25}}],"line":14},"6":{"loc":{"start":{"line":15,"column":4},"end":{"line":15,"column":21}},"type":"default-arg","locations":[{"start":{"line":15,"column":12},"end":{"line":15,"column":21}}],"line":15},"7":{"loc":{"start":{"line":18,"column":24},"end":{"line":18,"column":57}},"type":"binary-expr","locations":[{"start":{"line":18,"column":24},"end":{"line":18,"column":32}},{"start":{"line":18,"column":36},"end":{"line":18,"column":57}}],"line":18},"8":{"loc":{"start":{"line":27,"column":21},"end":{"line":27,"column":39}},"type":"binary-expr","locations":[{"start":{"line":27,"column":21},"end":{"line":27,"column":28}},{"start":{"line":27,"column":32},"end":{"line":27,"column":39}}],"line":27},"9":{"loc":{"start":{"line":30,"column":13},"end":{"line":30,"column":46}},"type":"binary-expr","locations":[{"start":{"line":30,"column":14},"end":{"line":30,"column":22}},{"start":{"line":30,"column":26},"end":{"line":30,"column":30}},{"start":{"line":30,"column":35},"end":{"line":30,"column":46}}],"line":30}},"s":{"0":1,"1":2,"2":2,"3":2},"f":{"0":2},"b":{"0":[2],"1":[2],"2":[2],"3":[0],"4":[2],"5":[2],"6":[2],"7":[2,2],"8":[2,0],"9":[2,2,2]},"_coverageSchema":"1a1c01bbd47fc00a2c39e90264f33305004495a9","hash":"7f025107f99edbbe8d1c807ddf24c01beccd5315"}
,"D:\\Projects\\react-compeasy\\src\\components\\Avatar\\styled\\StyledAvatar.ts": {"path":"D:\\Projects\\react-compeasy\\src\\components\\Avatar\\styled\\StyledAvatar.ts","statementMap":{"0":{"start":{"line":8,"column":21},"end":{"line":28,"column":1}},"1":{"start":{"line":9,"column":22},"end":{"line":9,"column":39}},"2":{"start":{"line":10,"column":23},"end":{"line":10,"column":40}},"3":{"start":{"line":11,"column":30},"end":{"line":11,"column":107}},"4":{"start":{"line":12,"column":33},"end":{"line":12,"column":61}},"5":{"start":{"line":19,"column":26},"end":{"line":19,"column":47}},"6":{"start":{"line":20,"column":22},"end":{"line":20,"column":54}},"7":{"start":{"line":21,"column":15},"end":{"line":26,"column":5}},"8":{"start":{"line":27,"column":15},"end":{"line":27,"column":56}}},"fnMap":{"0":{"name":"(anonymous_0)","decl":{"start":{"line":9,"column":13},"end":{"line":9,"column":14}},"loc":{"start":{"line":9,"column":22},"end":{"line":9,"column":39}},"line":9},"1":{"name":"(anonymous_1)","decl":{"start":{"line":10,"column":14},"end":{"line":10,"column":15}},"loc":{"start":{"line":10,"column":23},"end":{"line":10,"column":40}},"line":10},"2":{"name":"(anonymous_2)","decl":{"start":{"line":11,"column":21},"end":{"line":11,"column":22}},"loc":{"start":{"line":11,"column":30},"end":{"line":11,"column":107}},"line":11},"3":{"name":"(anonymous_3)","decl":{"start":{"line":12,"column":24},"end":{"line":12,"column":25}},"loc":{"start":{"line":12,"column":33},"end":{"line":12,"column":61}},"line":12},"4":{"name":"(anonymous_4)","decl":{"start":{"line":19,"column":17},"end":{"line":19,"column":18}},"loc":{"start":{"line":19,"column":26},"end":{"line":19,"column":47}},"line":19},"5":{"name":"(anonymous_5)","decl":{"start":{"line":20,"column":13},"end":{"line":20,"column":14}},"loc":{"start":{"line":20,"column":22},"end":{"line":20,"column":54}},"line":20},"6":{"name":"(anonymous_6)","decl":{"start":{"line":21,"column":6},"end":{"line":21,"column":7}},"loc":{"start":{"line":21,"column":15},"end":{"line":26,"column":5}},"line":21},"7":{"name":"(anonymous_7)","decl":{"start":{"line":27,"column":6},"end":{"line":27,"column":7}},"loc":{"start":{"line":27,"column":15},"end":{"line":27,"column":56}},"line":27}},"branchMap":{"0":{"loc":{"start":{"line":11,"column":30},"end":{"line":11,"column":107}},"type":"cond-expr","locations":[{"start":{"line":11,"column":57},"end":{"line":11,"column":63}},{"start":{"line":11,"column":66},"end":{"line":11,"column":107}}],"line":11},"1":{"loc":{"start":{"line":11,"column":66},"end":{"line":11,"column":107}},"type":"cond-expr","locations":[{"start":{"line":11,"column":94},"end":{"line":11,"column":99}},{"start":{"line":11,"column":102},"end":{"line":11,"column":107}}],"line":11},"2":{"loc":{"start":{"line":21,"column":15},"end":{"line":26,"column":5}},"type":"binary-expr","locations":[{"start":{"line":21,"column":15},"end":{"line":21,"column":24}},{"start":{"line":21,"column":28},"end":{"line":26,"column":5}}],"line":21},"3":{"loc":{"start":{"line":27,"column":15},"end":{"line":27,"column":56}},"type":"cond-expr","locations":[{"start":{"line":27,"column":31},"end":{"line":27,"column":49}},{"start":{"line":27,"column":52},"end":{"line":27,"column":56}}],"line":27}},"s":{"0":1,"1":2,"2":2,"3":2,"4":2,"5":2,"6":2,"7":2,"8":2},"f":{"0":2,"1":2,"2":2,"3":2,"4":2,"5":2,"6":2,"7":2},"b":{"0":[2,0],"1":[0,0],"2":[2,0],"3":[0,2]},"_coverageSchema":"1a1c01bbd47fc00a2c39e90264f33305004495a9","hash":"c53c66210f0a1e9657a67f7c876159eda3145c23"}
,"D:\\Projects\\react-compeasy\\src\\components\\Button\\Button.tsx": {"path":"D:\\Projects\\react-compeasy\\src\\components\\Button\\Button.tsx","statementMap":{"0":{"start":{"line":7,"column":41},"end":{"line":38,"column":1}},"1":{"start":{"line":20,"column":22},"end":{"line":20,"column":41}},"2":{"start":{"line":22,"column":4},"end":{"line":37,"column":5}}},"fnMap":{"0":{"name":"(anonymous_0)","decl":{"start":{"line":7,"column":41},"end":{"line":7,"column":42}},"loc":{"start":{"line":19,"column":19},"end":{"line":38,"column":1}},"line":19}},"branchMap":{"0":{"loc":{"start":{"line":8,"column":4},"end":{"line":8,"column":19}},"type":"default-arg","locations":[{"start":{"line":8,"column":15},"end":{"line":8,"column":19}}],"line":8},"1":{"loc":{"start":{"line":9,"column":4},"end":{"line":9,"column":22}},"type":"default-arg","locations":[{"start":{"line":9,"column":14},"end":{"line":9,"column":22}}],"line":9},"2":{"loc":{"start":{"line":10,"column":4},"end":{"line":10,"column":13}},"type":"default-arg","locations":[{"start":{"line":10,"column":11},"end":{"line":10,"column":13}}],"line":10},"3":{"loc":{"start":{"line":11,"column":4},"end":{"line":11,"column":23}},"type":"default-arg","locations":[{"start":{"line":11,"column":14},"end":{"line":11,"column":23}}],"line":11},"4":{"loc":{"start":{"line":12,"column":4},"end":{"line":12,"column":20}},"type":"default-arg","locations":[{"start":{"line":12,"column":15},"end":{"line":12,"column":20}}],"line":12},"5":{"loc":{"start":{"line":13,"column":4},"end":{"line":13,"column":19}},"type":"default-arg","locations":[{"start":{"line":13,"column":14},"end":{"line":13,"column":19}}],"line":13},"6":{"loc":{"start":{"line":14,"column":4},"end":{"line":14,"column":21}},"type":"default-arg","locations":[{"start":{"line":14,"column":12},"end":{"line":14,"column":21}}],"line":14},"7":{"loc":{"start":{"line":15,"column":4},"end":{"line":15,"column":19}},"type":"default-arg","locations":[{"start":{"line":15,"column":11},"end":{"line":15,"column":19}}],"line":15},"8":{"loc":{"start":{"line":16,"column":4},"end":{"line":16,"column":25}},"type":"default-arg","locations":[{"start":{"line":16,"column":16},"end":{"line":16,"column":25}}],"line":16},"9":{"loc":{"start":{"line":17,"column":4},"end":{"line":17,"column":18}},"type":"default-arg","locations":[{"start":{"line":17,"column":12},"end":{"line":17,"column":18}}],"line":17},"10":{"loc":{"start":{"line":18,"column":4},"end":{"line":18,"column":19}},"type":"default-arg","locations":[{"start":{"line":18,"column":16},"end":{"line":18,"column":19}}],"line":18},"11":{"loc":{"start":{"line":35,"column":13},"end":{"line":35,"column":30}},"type":"binary-expr","locations":[{"start":{"line":35,"column":13},"end":{"line":35,"column":21}},{"start":{"line":35,"column":25},"end":{"line":35,"column":30}}],"line":35}},"s":{"0":1,"1":3,"2":3},"f":{"0":3},"b":{"0":[3],"1":[3],"2":[3],"3":[3],"4":[2],"5":[3],"6":[0],"7":[2],"8":[3],"9":[3],"10":[3],"11":[3,3]},"_coverageSchema":"1a1c01bbd47fc00a2c39e90264f33305004495a9","hash":"0ad559a486362a2260f593a6dc1958993ae16a21"}
,"D:\\Projects\\react-compeasy\\src\\components\\Button\\styled\\StyledButton.ts": {"path":"D:\\Projects\\react-compeasy\\src\\components\\Button\\styled\\StyledButton.ts","statementMap":{"0":{"start":{"line":17,"column":21},"end":{"line":97,"column":1}},"1":{"start":{"line":20,"column":30},"end":{"line":20,"column":59}},"2":{"start":{"line":31,"column":26},"end":{"line":31,"column":43}},"3":{"start":{"line":33,"column":22},"end":{"line":35,"column":57}},"4":{"start":{"line":38,"column":23},"end":{"line":40,"column":33}},"5":{"start":{"line":42,"column":33},"end":{"line":44,"column":23}},"6":{"start":{"line":47,"column":30},"end":{"line":47,"column":52}},"7":{"start":{"line":49,"column":25},"end":{"line":51,"column":57}},"8":{"start":{"line":57,"column":37},"end":{"line":59,"column":64}},"9":{"start":{"line":60,"column":27},"end":{"line":62,"column":33}},"10":{"start":{"line":63,"column":26},"end":{"line":65,"column":57}},"11":{"start":{"line":69,"column":25},"end":{"line":71,"column":57}},"12":{"start":{"line":75,"column":37},"end":{"line":77,"column":63}},"13":{"start":{"line":85,"column":26},"end":{"line":87,"column":31}},"14":{"start":{"line":89,"column":27},"end":{"line":91,"column":33}},"15":{"start":{"line":93,"column":37},"end":{"line":95,"column":23}}},"fnMap":{"0":{"name":"(anonymous_0)","decl":{"start":{"line":20,"column":21},"end":{"line":20,"column":22}},"loc":{"start":{"line":20,"column":30},"end":{"line":20,"column":59}},"line":20},"1":{"name":"(anonymous_1)","decl":{"start":{"line":31,"column":17},"end":{"line":31,"column":18}},"loc":{"start":{"line":31,"column":26},"end":{"line":31,"column":43}},"line":31},"2":{"name":"(anonymous_2)","decl":{"start":{"line":33,"column":13},"end":{"line":33,"column":14}},"loc":{"start":{"line":33,"column":22},"end":{"line":35,"column":57}},"line":33},"3":{"name":"(anonymous_3)","decl":{"start":{"line":38,"column":14},"end":{"line":38,"column":15}},"loc":{"start":{"line":38,"column":23},"end":{"line":40,"column":33}},"line":38},"4":{"name":"(anonymous_4)","decl":{"start":{"line":42,"column":24},"end":{"line":42,"column":25}},"loc":{"start":{"line":42,"column":33},"end":{"line":44,"column":23}},"line":42},"5":{"name":"(anonymous_5)","decl":{"start":{"line":47,"column":21},"end":{"line":47,"column":22}},"loc":{"start":{"line":47,"column":30},"end":{"line":47,"column":52}},"line":47},"6":{"name":"(anonymous_6)","decl":{"start":{"line":49,"column":16},"end":{"line":49,"column":17}},"loc":{"start":{"line":49,"column":25},"end":{"line":51,"column":57}},"line":49},"7":{"name":"(anonymous_7)","decl":{"start":{"line":57,"column":28},"end":{"line":57,"column":29}},"loc":{"start":{"line":57,"column":37},"end":{"line":59,"column":64}},"line":57},"8":{"name":"(anonymous_8)","decl":{"start":{"line":60,"column":18},"end":{"line":60,"column":19}},"loc":{"start":{"line":60,"column":27},"end":{"line":62,"column":33}},"line":60},"9":{"name":"(anonymous_9)","decl":{"start":{"line":63,"column":17},"end":{"line":63,"column":18}},"loc":{"start":{"line":63,"column":26},"end":{"line":65,"column":57}},"line":63},"10":{"name":"(anonymous_10)","decl":{"start":{"line":69,"column":16},"end":{"line":69,"column":17}},"loc":{"start":{"line":69,"column":25},"end":{"line":71,"column":57}},"line":69},"11":{"name":"(anonymous_11)","decl":{"start":{"line":75,"column":28},"end":{"line":75,"column":29}},"loc":{"start":{"line":75,"column":37},"end":{"line":77,"column":63}},"line":75},"12":{"name":"(anonymous_12)","decl":{"start":{"line":85,"column":17},"end":{"line":85,"column":18}},"loc":{"start":{"line":85,"column":26},"end":{"line":87,"column":31}},"line":85},"13":{"name":"(anonymous_13)","decl":{"start":{"line":89,"column":18},"end":{"line":89,"column":19}},"loc":{"start":{"line":89,"column":27},"end":{"line":91,"column":33}},"line":89},"14":{"name":"(anonymous_14)","decl":{"start":{"line":93,"column":28},"end":{"line":93,"column":29}},"loc":{"start":{"line":93,"column":37},"end":{"line":95,"column":23}},"line":93}},"branchMap":{"0":{"loc":{"start":{"line":20,"column":30},"end":{"line":20,"column":59}},"type":"cond-expr","locations":[{"start":{"line":20,"column":46},"end":{"line":20,"column":51}},{"start":{"line":20,"column":54},"end":{"line":20,"column":59}}],"line":20},"1":{"loc":{"start":{"line":33,"column":22},"end":{"line":35,"column":57}},"type":"cond-expr","locations":[{"start":{"line":34,"column":10},"end":{"line":34,"column":57}},{"start":{"line":35,"column":10},"end":{"line":35,"column":57}}],"line":33},"2":{"loc":{"start":{"line":38,"column":23},"end":{"line":40,"column":33}},"type":"cond-expr","locations":[{"start":{"line":39,"column":10},"end":{"line":39,"column":73}},{"start":{"line":40,"column":10},"end":{"line":40,"column":33}}],"line":38},"3":{"loc":{"start":{"line":42,"column":33},"end":{"line":44,"column":23}},"type":"cond-expr","locations":[{"start":{"line":43,"column":10},"end":{"line":43,"column":57}},{"start":{"line":44,"column":10},"end":{"line":44,"column":23}}],"line":42},"4":{"loc":{"start":{"line":49,"column":25},"end":{"line":51,"column":57}},"type":"cond-expr","locations":[{"start":{"line":50,"column":10},"end":{"line":50,"column":57}},{"start":{"line":51,"column":10},"end":{"line":51,"column":57}}],"line":49},"5":{"loc":{"start":{"line":57,"column":37},"end":{"line":59,"column":64}},"type":"cond-expr","locations":[{"start":{"line":58,"column":10},"end":{"line":58,"column":64}},{"start":{"line":59,"column":10},"end":{"line":59,"column":64}}],"line":57},"6":{"loc":{"start":{"line":60,"column":27},"end":{"line":62,"column":33}},"type":"cond-expr","locations":[{"start":{"line":61,"column":10},"end":{"line":61,"column":67}},{"start":{"line":62,"column":10},"end":{"line":62,"column":33}}],"line":60},"7":{"loc":{"start":{"line":63,"column":26},"end":{"line":65,"column":57}},"type":"cond-expr","locations":[{"start":{"line":64,"column":10},"end":{"line":64,"column":57}},{"start":{"line":65,"column":10},"end":{"line":65,"column":57}}],"line":63},"8":{"loc":{"start":{"line":69,"column":25},"end":{"line":71,"column":57}},"type":"cond-expr","locations":[{"start":{"line":70,"column":10},"end":{"line":70,"column":57}},{"start":{"line":71,"column":10},"end":{"line":71,"column":57}}],"line":69},"9":{"loc":{"start":{"line":75,"column":37},"end":{"line":77,"column":63}},"type":"cond-expr","locations":[{"start":{"line":76,"column":10},"end":{"line":76,"column":63}},{"start":{"line":77,"column":10},"end":{"line":77,"column":63}}],"line":75},"10":{"loc":{"start":{"line":85,"column":26},"end":{"line":87,"column":31}},"type":"cond-expr","locations":[{"start":{"line":86,"column":10},"end":{"line":86,"column":32}},{"start":{"line":87,"column":10},"end":{"line":87,"column":31}}],"line":85},"11":{"loc":{"start":{"line":89,"column":27},"end":{"line":91,"column":33}},"type":"cond-expr","locations":[{"start":{"line":90,"column":10},"end":{"line":90,"column":48}},{"start":{"line":91,"column":10},"end":{"line":91,"column":33}}],"line":89},"12":{"loc":{"start":{"line":93,"column":37},"end":{"line":95,"column":23}},"type":"cond-expr","locations":[{"start":{"line":94,"column":10},"end":{"line":94,"column":32}},{"start":{"line":95,"column":10},"end":{"line":95,"column":23}}],"line":93}},"s":{"0":1,"1":3,"2":3,"3":3,"4":3,"5":3,"6":3,"7":3,"8":3,"9":3,"10":3,"11":3,"12":3,"13":3,"14":3,"15":3},"f":{"0":3,"1":3,"2":3,"3":3,"4":3,"5":3,"6":3,"7":3,"8":3,"9":3,"10":3,"11":3,"12":3,"13":3,"14":3},"b":{"0":[0,3],"1":[0,3],"2":[0,3],"3":[3,0],"4":[0,3],"5":[0,3],"6":[0,3],"7":[3,0],"8":[3,0],"9":[0,3],"10":[0,3],"11":[0,3],"12":[3,0]},"_coverageSchema":"1a1c01bbd47fc00a2c39e90264f33305004495a9","hash":"d78ebd653d6ca22b0922908b328fb364403c919c"}
,"D:\\Projects\\react-compeasy\\src\\utils\\getColor.ts": {"path":"D:\\Projects\\react-compeasy\\src\\utils\\getColor.ts","statementMap":{"0":{"start":{"line":3,"column":17},"end":{"line":9,"column":1}},"1":{"start":{"line":4,"column":22},"end":{"line":6,"column":13}},"2":{"start":{"line":8,"column":4},"end":{"line":8,"column":20}}},"fnMap":{"0":{"name":"(anonymous_0)","decl":{"start":{"line":3,"column":17},"end":{"line":3,"column":18}},"loc":{"start":{"line":3,"column":53},"end":{"line":9,"column":1}},"line":3}},"branchMap":{"0":{"loc":{"start":{"line":4,"column":22},"end":{"line":6,"column":13}},"type":"cond-expr","locations":[{"start":{"line":5,"column":10},"end":{"line":5,"column":12}},{"start":{"line":6,"column":10},"end":{"line":6,"column":13}}],"line":4}},"s":{"0":3,"1":11,"2":11},"f":{"0":11},"b":{"0":[7,4]},"_coverageSchema":"1a1c01bbd47fc00a2c39e90264f33305004495a9","hash":"cf26c43afdd4672e2eed64421e55b2771b7b1467"}
,"D:\\Projects\\react-compeasy\\src\\utils\\getInitials.ts": {"path":"D:\\Projects\\react-compeasy\\src\\utils\\getInitials.ts","statementMap":{"0":{"start":{"line":1,"column":20},"end":{"line":9,"column":1}},"1":{"start":{"line":2,"column":21},"end":{"line":6,"column":13}},"2":{"start":{"line":8,"column":4},"end":{"line":8,"column":19}}},"fnMap":{"0":{"name":"(anonymous_0)","decl":{"start":{"line":1,"column":20},"end":{"line":1,"column":21}},"loc":{"start":{"line":1,"column":46},"end":{"line":9,"column":1}},"line":1}},"branchMap":{"0":{"loc":{"start":{"line":2,"column":21},"end":{"line":6,"column":13}},"type":"cond-expr","locations":[{"start":{"line":3,"column":10},"end":{"line":5,"column":44}},{"start":{"line":6,"column":10},"end":{"line":6,"column":13}}],"line":2},"1":{"loc":{"start":{"line":3,"column":10},"end":{"line":5,"column":44}},"type":"cond-expr","locations":[{"start":{"line":4,"column":14},"end":{"line":4,"column":96}},{"start":{"line":5,"column":14},"end":{"line":5,"column":44}}],"line":3}},"s":{"0":2,"1":8,"2":8},"f":{"0":8},"b":{"0":[7,1],"1":[4,3]},"_coverageSchema":"1a1c01bbd47fc00a2c39e90264f33305004495a9","hash":"663181ae8e169f8b1ef0b469d12c9849463ff206"}
}
