TN:
SF:src\components\Avatar\Avatar.tsx
FN:8,(anonymous_0)
FNF:1
FNH:1
FNDA:2,(anonymous_0)
DA:8,1
DA:17,2
DA:18,2
DA:20,2
LF:4
LH:4
BRDA:9,0,0,2
BRDA:10,1,0,2
BRDA:11,2,0,2
BRDA:12,3,0,0
BRDA:13,4,0,2
BRDA:14,5,0,2
BRDA:15,6,0,2
BRDA:18,7,0,2
BRDA:18,7,1,2
BRDA:27,8,0,2
BRDA:27,8,1,0
BRDA:30,9,0,2
BRDA:30,9,1,2
BRDA:30,9,2,2
BRF:14
BRH:12
end_of_record
TN:
SF:src\components\Avatar\styled\StyledAvatar.ts
FN:9,(anonymous_0)
FN:10,(anonymous_1)
FN:11,(anonymous_2)
FN:12,(anonymous_3)
FN:19,(anonymous_4)
FN:20,(anonymous_5)
FN:21,(anonymous_6)
FN:27,(anonymous_7)
FNF:8
FNH:8
FNDA:2,(anonymous_0)
FNDA:2,(anonymous_1)
FNDA:2,(anonymous_2)
FNDA:2,(anonymous_3)
FNDA:2,(anonymous_4)
FNDA:2,(anonymous_5)
FNDA:2,(anonymous_6)
FNDA:2,(anonymous_7)
DA:8,1
DA:9,2
DA:10,2
DA:11,2
DA:12,2
DA:19,2
DA:20,2
DA:21,2
DA:27,2
LF:9
LH:9
BRDA:11,0,0,2
BRDA:11,0,1,0
BRDA:11,1,0,0
BRDA:11,1,1,0
BRDA:21,2,0,2
BRDA:21,2,1,0
BRDA:27,3,0,0
BRDA:27,3,1,2
BRF:8
BRH:3
end_of_record
TN:
SF:src\components\Button\Button.tsx
FN:7,(anonymous_0)
FNF:1
FNH:1
FNDA:3,(anonymous_0)
DA:7,1
DA:20,3
DA:22,3
LF:3
LH:3
BRDA:8,0,0,3
BRDA:9,1,0,3
BRDA:10,2,0,3
BRDA:11,3,0,3
BRDA:12,4,0,2
BRDA:13,5,0,3
BRDA:14,6,0,0
BRDA:15,7,0,2
BRDA:16,8,0,3
BRDA:17,9,0,3
BRDA:18,10,0,3
BRDA:35,11,0,3
BRDA:35,11,1,3
BRF:13
BRH:12
end_of_record
TN:
SF:src\components\Button\styled\StyledButton.ts
FN:20,(anonymous_0)
FN:31,(anonymous_1)
FN:33,(anonymous_2)
FN:38,(anonymous_3)
FN:42,(anonymous_4)
FN:47,(anonymous_5)
FN:49,(anonymous_6)
FN:57,(anonymous_7)
FN:60,(anonymous_8)
FN:63,(anonymous_9)
FN:69,(anonymous_10)
FN:75,(anonymous_11)
FN:85,(anonymous_12)
FN:89,(anonymous_13)
FN:93,(anonymous_14)
FNF:15
FNH:15
FNDA:3,(anonymous_0)
FNDA:3,(anonymous_1)
FNDA:3,(anonymous_2)
FNDA:3,(anonymous_3)
FNDA:3,(anonymous_4)
FNDA:3,(anonymous_5)
FNDA:3,(anonymous_6)
FNDA:3,(anonymous_7)
FNDA:3,(anonymous_8)
FNDA:3,(anonymous_9)
FNDA:3,(anonymous_10)
FNDA:3,(anonymous_11)
FNDA:3,(anonymous_12)
FNDA:3,(anonymous_13)
FNDA:3,(anonymous_14)
DA:17,1
DA:20,3
DA:31,3
DA:33,3
DA:38,3
DA:42,3
DA:47,3
DA:49,3
DA:57,3
DA:60,3
DA:63,3
DA:69,3
DA:75,3
DA:85,3
DA:89,3
DA:93,3
LF:16
LH:16
BRDA:20,0,0,0
BRDA:20,0,1,3
BRDA:33,1,0,0
BRDA:33,1,1,3
BRDA:38,2,0,0
BRDA:38,2,1,3
BRDA:42,3,0,3
BRDA:42,3,1,0
BRDA:49,4,0,0
BRDA:49,4,1,3
BRDA:57,5,0,0
BRDA:57,5,1,3
BRDA:60,6,0,0
BRDA:60,6,1,3
BRDA:63,7,0,3
BRDA:63,7,1,0
BRDA:69,8,0,3
BRDA:69,8,1,0
BRDA:75,9,0,0
BRDA:75,9,1,3
BRDA:85,10,0,0
BRDA:85,10,1,3
BRDA:89,11,0,0
BRDA:89,11,1,3
BRDA:93,12,0,3
BRDA:93,12,1,0
BRF:26
BRH:13
end_of_record
TN:
SF:src\utils\getColor.ts
FN:3,(anonymous_0)
FNF:1
FNH:1
FNDA:11,(anonymous_0)
DA:3,3
DA:4,11
DA:8,11
LF:3
LH:3
BRDA:4,0,0,7
BRDA:4,0,1,4
BRF:2
BRH:2
end_of_record
TN:
SF:src\utils\getInitials.ts
FN:1,(anonymous_0)
FNF:1
FNH:1
FNDA:8,(anonymous_0)
DA:1,2
DA:2,8
DA:8,8
LF:3
LH:3
BRDA:2,0,0,7
BRDA:2,0,1,1
BRDA:3,1,0,4
BRDA:3,1,1,3
BRF:4
BRH:4
end_of_record
